<?xml version="1.0" encoding="UTF-8"?>
<!-- Generated by org.testng.reporters.JUnitXMLReporter -->
<testsuite hostname="LAPTOP-AQEHHIK2" ignored="0" name="Command line test" tests="6" failures="0" timestamp="13 Apr 2022 16:18:07 GMT" time="0.102" errors="0">
  <testcase name="green" time="0.025" classname="Automation.MavenJava9.Test1"/>
  <testcase name="red" time="0.0" classname="Automation.MavenJava9.Test1"/>
  <testcase name="orange" time="0.001" classname="Automation.MavenJava9.Test2"/>
  <testcase name="yellow" time="0.0" classname="Automation.MavenJava9.Test2"/>
  <testcase name="black" time="0.0" classname="Automation.MavenJava9.Test3"/>
  <testcase name="white" time="0.0" classname="Automation.MavenJava9.Test3"/>
</testsuite> <!-- Command line test -->
