<?xml version="1.0" encoding="UTF-8"?>
<testng-results skipped="0" failed="0" ignored="0" total="6" passed="6">
  <reporter-output>
  </reporter-output>
  <suite name="Command line suite" duration-ms="102" started-at="2022-04-13T16:18:07Z" finished-at="2022-04-13T16:18:07Z">
    <groups>
    </groups>
    <test name="Command line test" duration-ms="102" started-at="2022-04-13T16:18:07Z" finished-at="2022-04-13T16:18:07Z">
      <class name="Automation.MavenJava9.Test3">
        <test-method status="PASS" signature="white()[pri:0, instance:Automation.MavenJava9.Test3@19dfb72a]" name="white" duration-ms="0" started-at="2022-04-13T16:18:07Z" finished-at="2022-04-13T16:18:07Z">
          <reporter-output>
          </reporter-output>
        </test-method> <!-- white -->
        <test-method status="PASS" signature="black()[pri:0, instance:Automation.MavenJava9.Test3@19dfb72a]" name="black" duration-ms="0" started-at="2022-04-13T16:18:07Z" finished-at="2022-04-13T16:18:07Z">
          <reporter-output>
          </reporter-output>
        </test-method> <!-- black -->
      </class> <!-- Automation.MavenJava9.Test3 -->
      <class name="Automation.MavenJava9.Test1">
        <test-method status="PASS" signature="green()[pri:0, instance:Automation.MavenJava9.Test1@5b464ce8]" name="green" duration-ms="25" started-at="2022-04-13T16:18:07Z" finished-at="2022-04-13T16:18:07Z">
          <reporter-output>
          </reporter-output>
        </test-method> <!-- green -->
        <test-method status="PASS" signature="red()[pri:0, instance:Automation.MavenJava9.Test1@5b464ce8]" name="red" duration-ms="0" started-at="2022-04-13T16:18:07Z" finished-at="2022-04-13T16:18:07Z">
          <reporter-output>
          </reporter-output>
        </test-method> <!-- red -->
      </class> <!-- Automation.MavenJava9.Test1 -->
      <class name="Automation.MavenJava9.Test2">
        <test-method status="PASS" signature="orange()[pri:0, instance:Automation.MavenJava9.Test2@57829d67]" name="orange" duration-ms="1" started-at="2022-04-13T16:18:07Z" finished-at="2022-04-13T16:18:07Z">
          <reporter-output>
          </reporter-output>
        </test-method> <!-- orange -->
        <test-method status="PASS" signature="yellow()[pri:0, instance:Automation.MavenJava9.Test2@57829d67]" name="yellow" duration-ms="0" started-at="2022-04-13T16:18:07Z" finished-at="2022-04-13T16:18:07Z">
          <reporter-output>
          </reporter-output>
        </test-method> <!-- yellow -->
      </class> <!-- Automation.MavenJava9.Test2 -->
    </test> <!-- Command line test -->
  </suite> <!-- Command line suite -->
</testng-results>
