<?xml version="1.0" encoding="UTF-8"?>
<testng-results skipped="0" failed="0" ignored="0" total="2" passed="2">
  <reporter-output>
  </reporter-output>
  <suite name="Suite" duration-ms="61" started-at="2022-04-03T23:50:18 IST" finished-at="2022-04-03T23:50:18 IST">
    <groups>
    </groups>
    <test name="Test" duration-ms="61" started-at="2022-04-03T23:50:18 IST" finished-at="2022-04-03T23:50:18 IST">
      <class name="Automation.MavenJava9.Test1">
        <test-method status="PASS" signature="green()[pri:0, instance:Automation.MavenJava9.Test1@3b088d51]" name="green" duration-ms="8" started-at="2022-04-03T23:50:18 IST" finished-at="2022-04-03T23:50:18 IST">
          <reporter-output>
          </reporter-output>
        </test-method> <!-- green -->
        <test-method status="PASS" signature="red()[pri:0, instance:Automation.MavenJava9.Test1@3b088d51]" name="red" duration-ms="1" started-at="2022-04-03T23:50:18 IST" finished-at="2022-04-03T23:50:18 IST">
          <reporter-output>
          </reporter-output>
        </test-method> <!-- red -->
      </class> <!-- Automation.MavenJava9.Test1 -->
    </test> <!-- Test -->
  </suite> <!-- Suite -->
</testng-results>
